Build started 9/19/2012 3:15:02 PM.
     1>Project "C:\Users\Public\Workspace - GCS\gcs-sun-magic\Sun Magic\Sun Magic.vcxproj" on node 2 (build target(s)).
     1>InitializeBuildStatus:
         Creating "Debug\Sun Magic.unsuccessfulbuild" because "AlwaysCreate" was specified.
       ClCompile:
         c:\Program Files (x86)\Microsoft Visual Studio 10.0\VC\bin\CL.exe /c /I"SFML-1.6/include/" /Izinnia/include/ /ZI /nologo /W3 /WX- /Od /Oy- /D WIN32 /D _DEBUG /D _CONSOLE /D _UNICODE /D UNICODE /Gm /EHsc /RTC1 /MDd /GS /fp:precise /Zc:wchar_t /Zc:forScope /Yc"StdAfx.h" /Fp"Debug\Sun Magic.pch" /Fo"Debug\\" /Fd"Debug\vc100.pdb" /Gd /TP /analyze- /errorReport:prompt stdafx.cpp
         stdafx.cpp
         c:\Program Files (x86)\Microsoft Visual Studio 10.0\VC\bin\CL.exe /c /I"SFML-1.6/include/" /Izinnia/include/ /ZI /nologo /W3 /WX- /Od /Oy- /D WIN32 /D _DEBUG /D _CONSOLE /D _UNICODE /D UNICODE /Gm /EHsc /RTC1 /MDd /GS /fp:precise /Zc:wchar_t /Zc:forScope /Yu"StdAfx.h" /Fp"Debug\Sun Magic.pch" /Fo"Debug\\" /Fd"Debug\vc100.pdb" /Gd /TP /analyze- /errorReport:prompt Game.cpp "Sun Magic.cpp"
         Skipping... (no relevant changes detected)
         Sun Magic.cpp
         Game.cpp
       ManifestResourceCompile:
         All outputs are up-to-date.
       Link:
         c:\Program Files (x86)\Microsoft Visual Studio 10.0\VC\bin\link.exe /ERRORREPORT:PROMPT /OUT:"C:\Users\Public\Workspace - GCS\gcs-sun-magic\Sun Magic\Debug\Sun Magic.exe" /INCREMENTAL /NOLOGO /LIBPATH:"SFML-1.6/lib/" kernel32.lib user32.lib gdi32.lib winspool.lib comdlg32.lib advapi32.lib shell32.lib ole32.lib oleaut32.lib uuid.lib odbc32.lib odbccp32.lib "sfml-system-d.lib" "sfml-main-d.lib" "sfml-graphics-d.lib" "sfml-audio-d.lib" "sfml-network-d.lib" "sfml-window-d.lib" libzinnia.lib kernel32.lib user32.lib gdi32.lib winspool.lib comdlg32.lib advapi32.lib shell32.lib ole32.lib oleaut32.lib uuid.lib odbc32.lib odbccp32.lib /MANIFEST /ManifestFile:"Debug\Sun Magic.exe.intermediate.manifest" /MANIFESTUAC:"level='asInvoker' uiAccess='false'" /DEBUG /PDB:"C:\Users\Public\Workspace - GCS\gcs-sun-magic\Sun Magic\Debug\Sun Magic.pdb" /SUBSYSTEM:CONSOLE /TLBID:1 /DYNAMICBASE /NXCOMPAT /IMPLIB:"C:\Users\Public\Workspace - GCS\gcs-sun-magic\Sun Magic\Debug\Sun Magic.lib" /MACHINE:X86 "Debug\Sun Magic.exe.embed.manifest.res"
         Debug\Game.obj
         Debug\stdafx.obj
         "Debug\Sun Magic.obj"
       Manifest:
         C:\Program Files (x86)\Microsoft SDKs\Windows\v7.0A\bin\mt.exe /nologo /verbose /out:"Debug\Sun Magic.exe.embed.manifest" /manifest "Debug\Sun Magic.exe.intermediate.manifest"
         All outputs are up-to-date.
       LinkEmbedManifest:
         All outputs are up-to-date.
         Sun Magic.vcxproj -> C:\Users\Public\Workspace - GCS\gcs-sun-magic\Sun Magic\Debug\Sun Magic.exe
       FinalizeBuildStatus:
         Deleting file "Debug\Sun Magic.unsuccessfulbuild".
         Touching "Debug\Sun Magic.lastbuildstate".
     1>Done Building Project "C:\Users\Public\Workspace - GCS\gcs-sun-magic\Sun Magic\Sun Magic.vcxproj" (build target(s)).

Build succeeded.

Time Elapsed 00:00:04.41
